[0.010s] Invoking command in '/home/digitracknuc/lidar_ws/build/rplidar_ros': CMAKE_PREFIX_PATH=${CMAKE_PREFIX_PATH}:/opt/ros/humble /usr/bin/cmake --build /home/digitracknuc/lidar_ws/build/rplidar_ros -- -j12 -l12
[0.052s] [  7%] Built target rplidar_client
[0.054s] [100%] Built target rplidar_node
[0.055s] [100%] Built target rplidar_composition
[0.063s] Invoked command in '/home/digitracknuc/lidar_ws/build/rplidar_ros' returned '0': CMAKE_PREFIX_PATH=${CMAKE_PREFIX_PATH}:/opt/ros/humble /usr/bin/cmake --build /home/digitracknuc/lidar_ws/build/rplidar_ros -- -j12 -l12
[0.101s] Invoking command in '/home/digitracknuc/lidar_ws/build/rplidar_ros': CMAKE_PREFIX_PATH=${CMAKE_PREFIX_PATH}:/opt/ros/humble /usr/bin/cmake --install /home/digitracknuc/lidar_ws/build/rplidar_ros
[0.106s] -- Install configuration: ""
[0.107s] -- Execute custom install script
[0.107s] -- Up-to-date symlink: /home/digitracknuc/lidar_ws/install/rplidar_ros/share/rplidar_ros/launch/rplidar_a2m12_launch.py
[0.107s] -- Up-to-date symlink: /home/digitracknuc/lidar_ws/install/rplidar_ros/share/rplidar_ros/launch/view_rplidar2_a2m12_launch.py
[0.107s] -- Up-to-date symlink: /home/digitracknuc/lidar_ws/install/rplidar_ros/share/rplidar_ros/launch/view_rplidar_a2m12_launch.py
[0.107s] -- Up-to-date symlink: /home/digitracknuc/lidar_ws/install/rplidar_ros/share/rplidar_ros/rviz/rplidar2_ros.rviz
[0.107s] -- Up-to-date symlink: /home/digitracknuc/lidar_ws/install/rplidar_ros/share/rplidar_ros/rviz/rplidar_ros.rviz
[0.107s] -- Up-to-date symlink: /home/digitracknuc/lidar_ws/install/rplidar_ros/lib/rplidar_ros/rplidar_node
[0.108s] -- Up-to-date symlink: /home/digitracknuc/lidar_ws/install/rplidar_ros/lib/rplidar_ros/rplidar_composition
[0.108s] -- Up-to-date symlink: /home/digitracknuc/lidar_ws/install/rplidar_ros/lib/rplidar_ros/rplidar_client
[0.108s] -- Up-to-date symlink: /home/digitracknuc/lidar_ws/install/rplidar_ros/share/ament_index/resource_index/package_run_dependencies/rplidar_ros
[0.108s] -- Up-to-date symlink: /home/digitracknuc/lidar_ws/install/rplidar_ros/share/ament_index/resource_index/parent_prefix_path/rplidar_ros
[0.108s] -- Up-to-date symlink: /home/digitracknuc/lidar_ws/install/rplidar_ros/share/rplidar_ros/environment/ament_prefix_path.sh
[0.108s] -- Up-to-date symlink: /home/digitracknuc/lidar_ws/install/rplidar_ros/share/rplidar_ros/environment/ament_prefix_path.dsv
[0.109s] -- Up-to-date symlink: /home/digitracknuc/lidar_ws/install/rplidar_ros/share/rplidar_ros/environment/path.sh
[0.109s] -- Up-to-date symlink: /home/digitracknuc/lidar_ws/install/rplidar_ros/share/rplidar_ros/environment/path.dsv
[0.109s] -- Up-to-date symlink: /home/digitracknuc/lidar_ws/install/rplidar_ros/share/rplidar_ros/local_setup.bash
[0.109s] -- Up-to-date symlink: /home/digitracknuc/lidar_ws/install/rplidar_ros/share/rplidar_ros/local_setup.sh
[0.109s] -- Up-to-date symlink: /home/digitracknuc/lidar_ws/install/rplidar_ros/share/rplidar_ros/local_setup.zsh
[0.109s] -- Up-to-date symlink: /home/digitracknuc/lidar_ws/install/rplidar_ros/share/rplidar_ros/local_setup.dsv
[0.109s] -- Symlinking: /home/digitracknuc/lidar_ws/install/rplidar_ros/share/rplidar_ros/package.dsv
[0.116s] -- Up-to-date symlink: /home/digitracknuc/lidar_ws/install/rplidar_ros/share/ament_index/resource_index/packages/rplidar_ros
[0.116s] -- Up-to-date symlink: /home/digitracknuc/lidar_ws/install/rplidar_ros/share/rplidar_ros/cmake/ament_cmake_export_dependencies-extras.cmake
[0.117s] -- Up-to-date symlink: /home/digitracknuc/lidar_ws/install/rplidar_ros/share/rplidar_ros/cmake/ament_cmake_export_include_directories-extras.cmake
[0.117s] -- Up-to-date symlink: /home/digitracknuc/lidar_ws/install/rplidar_ros/share/rplidar_ros/cmake/rplidar_rosConfig.cmake
[0.117s] -- Up-to-date symlink: /home/digitracknuc/lidar_ws/install/rplidar_ros/share/rplidar_ros/cmake/rplidar_rosConfig-version.cmake
[0.117s] -- Up-to-date symlink: /home/digitracknuc/lidar_ws/install/rplidar_ros/share/rplidar_ros/package.xml
[0.118s] Invoked command in '/home/digitracknuc/lidar_ws/build/rplidar_ros' returned '0': CMAKE_PREFIX_PATH=${CMAKE_PREFIX_PATH}:/opt/ros/humble /usr/bin/cmake --install /home/digitracknuc/lidar_ws/build/rplidar_ros
