[  7%] Built target rplidar_client
[100%] Built target rplidar_node
[100%] Built target rplidar_composition
-- Install configuration: ""
-- Execute custom install script
-- Up-to-date symlink: /home/digitracknuc/lidar_ws/install/rplidar_ros/share/rplidar_ros/launch/rplidar_a2m12_launch.py
-- Up-to-date symlink: /home/digitracknuc/lidar_ws/install/rplidar_ros/share/rplidar_ros/launch/view_rplidar2_a2m12_launch.py
-- Up-to-date symlink: /home/digitracknuc/lidar_ws/install/rplidar_ros/share/rplidar_ros/launch/view_rplidar_a2m12_launch.py
-- Up-to-date symlink: /home/digitracknuc/lidar_ws/install/rplidar_ros/share/rplidar_ros/rviz/rplidar2_ros.rviz
-- Up-to-date symlink: /home/digitracknuc/lidar_ws/install/rplidar_ros/share/rplidar_ros/rviz/rplidar_ros.rviz
-- Up-to-date symlink: /home/digitracknuc/lidar_ws/install/rplidar_ros/lib/rplidar_ros/rplidar_node
-- Up-to-date symlink: /home/digitracknuc/lidar_ws/install/rplidar_ros/lib/rplidar_ros/rplidar_composition
-- Up-to-date symlink: /home/digitracknuc/lidar_ws/install/rplidar_ros/lib/rplidar_ros/rplidar_client
-- Up-to-date symlink: /home/digitracknuc/lidar_ws/install/rplidar_ros/share/ament_index/resource_index/package_run_dependencies/rplidar_ros
-- Up-to-date symlink: /home/digitracknuc/lidar_ws/install/rplidar_ros/share/ament_index/resource_index/parent_prefix_path/rplidar_ros
-- Up-to-date symlink: /home/digitracknuc/lidar_ws/install/rplidar_ros/share/rplidar_ros/environment/ament_prefix_path.sh
-- Up-to-date symlink: /home/digitracknuc/lidar_ws/install/rplidar_ros/share/rplidar_ros/environment/ament_prefix_path.dsv
-- Up-to-date symlink: /home/digitracknuc/lidar_ws/install/rplidar_ros/share/rplidar_ros/environment/path.sh
-- Up-to-date symlink: /home/digitracknuc/lidar_ws/install/rplidar_ros/share/rplidar_ros/environment/path.dsv
-- Up-to-date symlink: /home/digitracknuc/lidar_ws/install/rplidar_ros/share/rplidar_ros/local_setup.bash
-- Up-to-date symlink: /home/digitracknuc/lidar_ws/install/rplidar_ros/share/rplidar_ros/local_setup.sh
-- Up-to-date symlink: /home/digitracknuc/lidar_ws/install/rplidar_ros/share/rplidar_ros/local_setup.zsh
-- Up-to-date symlink: /home/digitracknuc/lidar_ws/install/rplidar_ros/share/rplidar_ros/local_setup.dsv
-- Symlinking: /home/digitracknuc/lidar_ws/install/rplidar_ros/share/rplidar_ros/package.dsv
-- Up-to-date symlink: /home/digitracknuc/lidar_ws/install/rplidar_ros/share/ament_index/resource_index/packages/rplidar_ros
-- Up-to-date symlink: /home/digitracknuc/lidar_ws/install/rplidar_ros/share/rplidar_ros/cmake/ament_cmake_export_dependencies-extras.cmake
-- Up-to-date symlink: /home/digitracknuc/lidar_ws/install/rplidar_ros/share/rplidar_ros/cmake/ament_cmake_export_include_directories-extras.cmake
-- Up-to-date symlink: /home/digitracknuc/lidar_ws/install/rplidar_ros/share/rplidar_ros/cmake/rplidar_rosConfig.cmake
-- Up-to-date symlink: /home/digitracknuc/lidar_ws/install/rplidar_ros/share/rplidar_ros/cmake/rplidar_rosConfig-version.cmake
-- Up-to-date symlink: /home/digitracknuc/lidar_ws/install/rplidar_ros/share/rplidar_ros/package.xml
