[0.575s] DEBUG:colcon:Command line arguments: ['/usr/bin/colcon', 'build']
[0.575s] DEBUG:colcon:Parsed command line arguments: Namespace(log_base=None, log_level=None, verb_name='build', build_base='build', install_base='install', merge_install=False, symlink_install=False, test_result_base=None, continue_on_error=False, executor='parallel', parallel_workers=12, event_handlers=None, ignore_user_meta=False, metas=['./colcon.meta'], base_paths=['.'], packages_ignore=None, packages_ignore_regex=None, paths=None, packages_up_to=None, packages_up_to_regex=None, packages_above=None, packages_above_and_dependencies=None, packages_above_depth=None, packages_select_by_dep=None, packages_skip_by_dep=None, packages_skip_up_to=None, packages_select_build_failed=False, packages_skip_build_finished=False, packages_select_test_failures=False, packages_skip_test_passed=False, packages_select=None, packages_skip=None, packages_select_regex=None, packages_skip_regex=None, packages_start=None, packages_end=None, allow_overriding=[], cmake_args=None, cmake_target=None, cmake_target_skip_unavailable=False, cmake_clean_cache=False, cmake_clean_first=False, cmake_force_configure=False, ament_cmake_args=None, catkin_cmake_args=None, catkin_skip_building_tests=False, verb_parser=<colcon_defaults.argument_parser.defaults.DefaultArgumentsDecorator object at 0x7f7b97bac160>, verb_extension=<colcon_core.verb.build.BuildVerb object at 0x7f7b97ac6740>, main=<bound method BuildVerb.main of <colcon_core.verb.build.BuildVerb object at 0x7f7b97ac6740>>)
[0.622s] Level 1:colcon.colcon_core.package_discovery:discover_packages(colcon_meta) check parameters
[0.622s] Level 1:colcon.colcon_core.package_discovery:discover_packages(recursive) check parameters
[0.622s] Level 1:colcon.colcon_core.package_discovery:discover_packages(ignore) check parameters
[0.622s] Level 1:colcon.colcon_core.package_discovery:discover_packages(path) check parameters
[0.622s] Level 1:colcon.colcon_core.package_discovery:discover_packages(colcon_meta) discover
[0.622s] Level 1:colcon.colcon_core.package_discovery:discover_packages(recursive) discover
[0.622s] INFO:colcon.colcon_core.package_discovery:Crawling recursively for packages in '/home/digitracknuc/imu_ws'
[0.622s] Level 1:colcon.colcon_core.package_identification:_identify(.) by extensions ['ignore', 'ignore_ament_install']
[0.622s] Level 1:colcon.colcon_core.package_identification:_identify(.) by extension 'ignore'
[0.622s] Level 1:colcon.colcon_core.package_identification:_identify(.) by extension 'ignore_ament_install'
[0.622s] Level 1:colcon.colcon_core.package_identification:_identify(.) by extensions ['colcon_pkg']
[0.622s] Level 1:colcon.colcon_core.package_identification:_identify(.) by extension 'colcon_pkg'
[0.622s] Level 1:colcon.colcon_core.package_identification:_identify(.) by extensions ['colcon_meta']
[0.622s] Level 1:colcon.colcon_core.package_identification:_identify(.) by extension 'colcon_meta'
[0.622s] Level 1:colcon.colcon_core.package_identification:_identify(.) by extensions ['ros']
[0.622s] Level 1:colcon.colcon_core.package_identification:_identify(.) by extension 'ros'
[0.632s] Level 1:colcon.colcon_core.package_identification:_identify(.) by extensions ['cmake', 'python']
[0.632s] Level 1:colcon.colcon_core.package_identification:_identify(.) by extension 'cmake'
[0.632s] Level 1:colcon.colcon_core.package_identification:_identify(.) by extension 'python'
[0.633s] Level 1:colcon.colcon_core.package_identification:_identify(.) by extensions ['python_setup_py']
[0.633s] Level 1:colcon.colcon_core.package_identification:_identify(.) by extension 'python_setup_py'
[0.633s] Level 1:colcon.colcon_core.package_identification:_identify(build) by extensions ['ignore', 'ignore_ament_install']
[0.633s] Level 1:colcon.colcon_core.package_identification:_identify(build) by extension 'ignore'
[0.633s] Level 1:colcon.colcon_core.package_identification:_identify(build) ignored
[0.633s] Level 1:colcon.colcon_core.package_identification:_identify(install) by extensions ['ignore', 'ignore_ament_install']
[0.633s] Level 1:colcon.colcon_core.package_identification:_identify(install) by extension 'ignore'
[0.633s] Level 1:colcon.colcon_core.package_identification:_identify(install) ignored
[0.633s] Level 1:colcon.colcon_core.package_identification:_identify(log) by extensions ['ignore', 'ignore_ament_install']
[0.633s] Level 1:colcon.colcon_core.package_identification:_identify(log) by extension 'ignore'
[0.633s] Level 1:colcon.colcon_core.package_identification:_identify(log) ignored
[0.633s] Level 1:colcon.colcon_core.package_identification:_identify(vectornav) by extensions ['ignore', 'ignore_ament_install']
[0.633s] Level 1:colcon.colcon_core.package_identification:_identify(vectornav) by extension 'ignore'
[0.633s] Level 1:colcon.colcon_core.package_identification:_identify(vectornav) by extension 'ignore_ament_install'
[0.633s] Level 1:colcon.colcon_core.package_identification:_identify(vectornav) by extensions ['colcon_pkg']
[0.633s] Level 1:colcon.colcon_core.package_identification:_identify(vectornav) by extension 'colcon_pkg'
[0.633s] Level 1:colcon.colcon_core.package_identification:_identify(vectornav) by extensions ['colcon_meta']
[0.634s] Level 1:colcon.colcon_core.package_identification:_identify(vectornav) by extension 'colcon_meta'
[0.634s] Level 1:colcon.colcon_core.package_identification:_identify(vectornav) by extensions ['ros']
[0.634s] Level 1:colcon.colcon_core.package_identification:_identify(vectornav) by extension 'ros'
[0.637s] DEBUG:colcon.colcon_core.package_identification:Package 'vectornav' with type 'ros.ament_cmake' and name 'vectornav'
[0.637s] Level 1:colcon.colcon_core.package_identification:_identify(vectornav_msgs) by extensions ['ignore', 'ignore_ament_install']
[0.637s] Level 1:colcon.colcon_core.package_identification:_identify(vectornav_msgs) by extension 'ignore'
[0.637s] Level 1:colcon.colcon_core.package_identification:_identify(vectornav_msgs) by extension 'ignore_ament_install'
[0.637s] Level 1:colcon.colcon_core.package_identification:_identify(vectornav_msgs) by extensions ['colcon_pkg']
[0.637s] Level 1:colcon.colcon_core.package_identification:_identify(vectornav_msgs) by extension 'colcon_pkg'
[0.637s] Level 1:colcon.colcon_core.package_identification:_identify(vectornav_msgs) by extensions ['colcon_meta']
[0.637s] Level 1:colcon.colcon_core.package_identification:_identify(vectornav_msgs) by extension 'colcon_meta'
[0.637s] Level 1:colcon.colcon_core.package_identification:_identify(vectornav_msgs) by extensions ['ros']
[0.637s] Level 1:colcon.colcon_core.package_identification:_identify(vectornav_msgs) by extension 'ros'
[0.637s] DEBUG:colcon.colcon_core.package_identification:Package 'vectornav_msgs' with type 'ros.ament_cmake' and name 'vectornav_msgs'
[0.638s] Level 1:colcon.colcon_core.package_discovery:discover_packages(recursive) using defaults
[0.638s] Level 1:colcon.colcon_core.package_discovery:discover_packages(ignore) discover
[0.638s] Level 1:colcon.colcon_core.package_discovery:discover_packages(ignore) using defaults
[0.638s] Level 1:colcon.colcon_core.package_discovery:discover_packages(path) discover
[0.638s] Level 1:colcon.colcon_core.package_discovery:discover_packages(path) using defaults
[0.666s] Level 1:colcon.colcon_core.package_discovery:discover_packages(prefix_path) check parameters
[0.666s] Level 1:colcon.colcon_core.package_discovery:discover_packages(prefix_path) discover
[0.670s] DEBUG:colcon.colcon_installed_package_information.package_discovery:Found 315 installed packages in /opt/ros/humble
[0.672s] Level 1:colcon.colcon_core.package_discovery:discover_packages(prefix_path) using defaults
[0.726s] Level 5:colcon.colcon_core.verb:set package 'vectornav_msgs' build argument 'cmake_args' from command line to 'None'
[0.726s] Level 5:colcon.colcon_core.verb:set package 'vectornav_msgs' build argument 'cmake_target' from command line to 'None'
[0.726s] Level 5:colcon.colcon_core.verb:set package 'vectornav_msgs' build argument 'cmake_target_skip_unavailable' from command line to 'False'
[0.726s] Level 5:colcon.colcon_core.verb:set package 'vectornav_msgs' build argument 'cmake_clean_cache' from command line to 'False'
[0.727s] Level 5:colcon.colcon_core.verb:set package 'vectornav_msgs' build argument 'cmake_clean_first' from command line to 'False'
[0.727s] Level 5:colcon.colcon_core.verb:set package 'vectornav_msgs' build argument 'cmake_force_configure' from command line to 'False'
[0.727s] Level 5:colcon.colcon_core.verb:set package 'vectornav_msgs' build argument 'ament_cmake_args' from command line to 'None'
[0.727s] Level 5:colcon.colcon_core.verb:set package 'vectornav_msgs' build argument 'catkin_cmake_args' from command line to 'None'
[0.727s] Level 5:colcon.colcon_core.verb:set package 'vectornav_msgs' build argument 'catkin_skip_building_tests' from command line to 'False'
[0.727s] DEBUG:colcon.colcon_core.verb:Building package 'vectornav_msgs' with the following arguments: {'ament_cmake_args': None, 'build_base': '/home/digitracknuc/imu_ws/build/vectornav_msgs', 'catkin_cmake_args': None, 'catkin_skip_building_tests': False, 'cmake_args': None, 'cmake_clean_cache': False, 'cmake_clean_first': False, 'cmake_force_configure': False, 'cmake_target': None, 'cmake_target_skip_unavailable': False, 'install_base': '/home/digitracknuc/imu_ws/install/vectornav_msgs', 'merge_install': False, 'path': '/home/digitracknuc/imu_ws/vectornav_msgs', 'symlink_install': False, 'test_result_base': None}
[0.728s] Level 5:colcon.colcon_core.verb:set package 'vectornav' build argument 'cmake_args' from command line to 'None'
[0.728s] Level 5:colcon.colcon_core.verb:set package 'vectornav' build argument 'cmake_target' from command line to 'None'
[0.728s] Level 5:colcon.colcon_core.verb:set package 'vectornav' build argument 'cmake_target_skip_unavailable' from command line to 'False'
[0.728s] Level 5:colcon.colcon_core.verb:set package 'vectornav' build argument 'cmake_clean_cache' from command line to 'False'
[0.728s] Level 5:colcon.colcon_core.verb:set package 'vectornav' build argument 'cmake_clean_first' from command line to 'False'
[0.728s] Level 5:colcon.colcon_core.verb:set package 'vectornav' build argument 'cmake_force_configure' from command line to 'False'
[0.728s] Level 5:colcon.colcon_core.verb:set package 'vectornav' build argument 'ament_cmake_args' from command line to 'None'
[0.728s] Level 5:colcon.colcon_core.verb:set package 'vectornav' build argument 'catkin_cmake_args' from command line to 'None'
[0.728s] Level 5:colcon.colcon_core.verb:set package 'vectornav' build argument 'catkin_skip_building_tests' from command line to 'False'
[0.728s] DEBUG:colcon.colcon_core.verb:Building package 'vectornav' with the following arguments: {'ament_cmake_args': None, 'build_base': '/home/digitracknuc/imu_ws/build/vectornav', 'catkin_cmake_args': None, 'catkin_skip_building_tests': False, 'cmake_args': None, 'cmake_clean_cache': False, 'cmake_clean_first': False, 'cmake_force_configure': False, 'cmake_target': None, 'cmake_target_skip_unavailable': False, 'install_base': '/home/digitracknuc/imu_ws/install/vectornav', 'merge_install': False, 'path': '/home/digitracknuc/imu_ws/vectornav', 'symlink_install': False, 'test_result_base': None}
[0.728s] INFO:colcon.colcon_core.executor:Executing jobs using 'parallel' executor
[0.731s] DEBUG:colcon.colcon_parallel_executor.executor.parallel:run_until_complete
[0.731s] INFO:colcon.colcon_ros.task.ament_cmake.build:Building ROS package in '/home/digitracknuc/imu_ws/vectornav_msgs' with build type 'ament_cmake'
[0.731s] INFO:colcon.colcon_cmake.task.cmake.build:Building CMake package in '/home/digitracknuc/imu_ws/vectornav_msgs'
[0.738s] INFO:colcon.colcon_core.plugin_system:Skipping extension 'colcon_core.shell.bat': Not used on non-Windows systems
[0.738s] INFO:colcon.colcon_core.shell:Skip shell extension 'powershell' for command environment: Not usable outside of PowerShell
[0.738s] DEBUG:colcon.colcon_core.shell:Skip shell extension 'dsv' for command environment
[0.745s] DEBUG:colcon.colcon_core.event_handler.log_command:Invoking command in '/home/digitracknuc/imu_ws/build/vectornav_msgs': CMAKE_PREFIX_PATH=/opt/ros/humble /usr/bin/cmake /home/digitracknuc/imu_ws/vectornav_msgs -DCMAKE_INSTALL_PREFIX=/home/digitracknuc/imu_ws/install/vectornav_msgs
[2.898s] DEBUG:colcon.colcon_core.event_handler.log_command:Invoked command in '/home/digitracknuc/imu_ws/build/vectornav_msgs' returned '0': CMAKE_PREFIX_PATH=/opt/ros/humble /usr/bin/cmake /home/digitracknuc/imu_ws/vectornav_msgs -DCMAKE_INSTALL_PREFIX=/home/digitracknuc/imu_ws/install/vectornav_msgs
[2.898s] DEBUG:colcon.colcon_core.event_handler.log_command:Invoking command in '/home/digitracknuc/imu_ws/build/vectornav_msgs': CMAKE_PREFIX_PATH=/opt/ros/humble /usr/bin/cmake --build /home/digitracknuc/imu_ws/build/vectornav_msgs -- -j12 -l12
[12.228s] DEBUG:colcon.colcon_core.event_handler.log_command:Invoked command in '/home/digitracknuc/imu_ws/build/vectornav_msgs' returned '0': CMAKE_PREFIX_PATH=/opt/ros/humble /usr/bin/cmake --build /home/digitracknuc/imu_ws/build/vectornav_msgs -- -j12 -l12
[12.382s] DEBUG:colcon.colcon_core.event_handler.log_command:Invoking command in '/home/digitracknuc/imu_ws/build/vectornav_msgs': CMAKE_PREFIX_PATH=/opt/ros/humble /usr/bin/cmake --install /home/digitracknuc/imu_ws/build/vectornav_msgs
[12.473s] Level 1:colcon.colcon_core.environment:create_environment_scripts_only(vectornav_msgs)
[12.474s] DEBUG:colcon.colcon_core.event_handler.log_command:Invoked command in '/home/digitracknuc/imu_ws/build/vectornav_msgs' returned '0': CMAKE_PREFIX_PATH=/opt/ros/humble /usr/bin/cmake --install /home/digitracknuc/imu_ws/build/vectornav_msgs
[12.482s] Level 1:colcon.colcon_core.environment:checking '/home/digitracknuc/imu_ws/install/vectornav_msgs' for CMake module files
[12.482s] Level 1:colcon.colcon_core.environment:checking '/home/digitracknuc/imu_ws/install/vectornav_msgs' for CMake config files
[12.483s] Level 1:colcon.colcon_core.shell:create_environment_hook('vectornav_msgs', 'cmake_prefix_path')
[12.484s] INFO:colcon.colcon_core.shell:Creating environment hook '/home/digitracknuc/imu_ws/install/vectornav_msgs/share/vectornav_msgs/hook/cmake_prefix_path.ps1'
[12.485s] INFO:colcon.colcon_core.shell:Creating environment descriptor '/home/digitracknuc/imu_ws/install/vectornav_msgs/share/vectornav_msgs/hook/cmake_prefix_path.dsv'
[12.485s] INFO:colcon.colcon_core.shell:Creating environment hook '/home/digitracknuc/imu_ws/install/vectornav_msgs/share/vectornav_msgs/hook/cmake_prefix_path.sh'
[12.486s] Level 1:colcon.colcon_core.environment:checking '/home/digitracknuc/imu_ws/install/vectornav_msgs/lib'
[12.486s] Level 1:colcon.colcon_core.shell:create_environment_hook('vectornav_msgs', 'ld_library_path_lib')
[12.487s] INFO:colcon.colcon_core.shell:Creating environment hook '/home/digitracknuc/imu_ws/install/vectornav_msgs/share/vectornav_msgs/hook/ld_library_path_lib.ps1'
[12.487s] INFO:colcon.colcon_core.shell:Creating environment descriptor '/home/digitracknuc/imu_ws/install/vectornav_msgs/share/vectornav_msgs/hook/ld_library_path_lib.dsv'
[12.488s] INFO:colcon.colcon_core.shell:Creating environment hook '/home/digitracknuc/imu_ws/install/vectornav_msgs/share/vectornav_msgs/hook/ld_library_path_lib.sh'
[12.488s] Level 1:colcon.colcon_core.environment:checking '/home/digitracknuc/imu_ws/install/vectornav_msgs/bin'
[12.488s] Level 1:colcon.colcon_core.environment:checking '/home/digitracknuc/imu_ws/install/vectornav_msgs/lib/pkgconfig/vectornav_msgs.pc'
[12.488s] Level 1:colcon.colcon_core.environment:checking '/home/digitracknuc/imu_ws/install/vectornav_msgs/lib/python3.10/site-packages'
[12.488s] Level 1:colcon.colcon_core.environment:checking '/home/digitracknuc/imu_ws/install/vectornav_msgs/bin'
[12.490s] INFO:colcon.colcon_core.shell:Creating package script '/home/digitracknuc/imu_ws/install/vectornav_msgs/share/vectornav_msgs/package.ps1'
[12.490s] INFO:colcon.colcon_core.shell:Creating package descriptor '/home/digitracknuc/imu_ws/install/vectornav_msgs/share/vectornav_msgs/package.dsv'
[12.491s] INFO:colcon.colcon_core.shell:Creating package script '/home/digitracknuc/imu_ws/install/vectornav_msgs/share/vectornav_msgs/package.sh'
[12.492s] INFO:colcon.colcon_core.shell:Creating package script '/home/digitracknuc/imu_ws/install/vectornav_msgs/share/vectornav_msgs/package.bash'
[12.492s] INFO:colcon.colcon_core.shell:Creating package script '/home/digitracknuc/imu_ws/install/vectornav_msgs/share/vectornav_msgs/package.zsh'
[12.493s] Level 1:colcon.colcon_core.environment:create_file_with_runtime_dependencies(/home/digitracknuc/imu_ws/install/vectornav_msgs/share/colcon-core/packages/vectornav_msgs)
[12.645s] Level 1:colcon.colcon_core.environment:create_environment_scripts_only(vectornav_msgs)
[12.646s] Level 1:colcon.colcon_core.environment:checking '/home/digitracknuc/imu_ws/install/vectornav_msgs' for CMake module files
[12.647s] Level 1:colcon.colcon_core.environment:checking '/home/digitracknuc/imu_ws/install/vectornav_msgs' for CMake config files
[12.647s] Level 1:colcon.colcon_core.shell:create_environment_hook('vectornav_msgs', 'cmake_prefix_path')
[12.648s] INFO:colcon.colcon_core.shell:Creating environment hook '/home/digitracknuc/imu_ws/install/vectornav_msgs/share/vectornav_msgs/hook/cmake_prefix_path.ps1'
[12.649s] INFO:colcon.colcon_core.shell:Creating environment descriptor '/home/digitracknuc/imu_ws/install/vectornav_msgs/share/vectornav_msgs/hook/cmake_prefix_path.dsv'
[12.649s] INFO:colcon.colcon_core.shell:Creating environment hook '/home/digitracknuc/imu_ws/install/vectornav_msgs/share/vectornav_msgs/hook/cmake_prefix_path.sh'
[12.649s] Level 1:colcon.colcon_core.environment:checking '/home/digitracknuc/imu_ws/install/vectornav_msgs/lib'
[12.649s] Level 1:colcon.colcon_core.shell:create_environment_hook('vectornav_msgs', 'ld_library_path_lib')
[12.650s] INFO:colcon.colcon_core.shell:Creating environment hook '/home/digitracknuc/imu_ws/install/vectornav_msgs/share/vectornav_msgs/hook/ld_library_path_lib.ps1'
[12.651s] INFO:colcon.colcon_core.shell:Creating environment descriptor '/home/digitracknuc/imu_ws/install/vectornav_msgs/share/vectornav_msgs/hook/ld_library_path_lib.dsv'
[12.651s] INFO:colcon.colcon_core.shell:Creating environment hook '/home/digitracknuc/imu_ws/install/vectornav_msgs/share/vectornav_msgs/hook/ld_library_path_lib.sh'
[12.651s] Level 1:colcon.colcon_core.environment:checking '/home/digitracknuc/imu_ws/install/vectornav_msgs/bin'
[12.651s] Level 1:colcon.colcon_core.environment:checking '/home/digitracknuc/imu_ws/install/vectornav_msgs/lib/pkgconfig/vectornav_msgs.pc'
[12.651s] Level 1:colcon.colcon_core.environment:checking '/home/digitracknuc/imu_ws/install/vectornav_msgs/lib/python3.10/site-packages'
[12.651s] Level 1:colcon.colcon_core.environment:checking '/home/digitracknuc/imu_ws/install/vectornav_msgs/bin'
[12.653s] INFO:colcon.colcon_core.shell:Creating package script '/home/digitracknuc/imu_ws/install/vectornav_msgs/share/vectornav_msgs/package.ps1'
[12.653s] INFO:colcon.colcon_core.shell:Creating package descriptor '/home/digitracknuc/imu_ws/install/vectornav_msgs/share/vectornav_msgs/package.dsv'
[12.653s] INFO:colcon.colcon_core.shell:Creating package script '/home/digitracknuc/imu_ws/install/vectornav_msgs/share/vectornav_msgs/package.sh'
[12.654s] INFO:colcon.colcon_core.shell:Creating package script '/home/digitracknuc/imu_ws/install/vectornav_msgs/share/vectornav_msgs/package.bash'
[12.654s] INFO:colcon.colcon_core.shell:Creating package script '/home/digitracknuc/imu_ws/install/vectornav_msgs/share/vectornav_msgs/package.zsh'
[12.654s] Level 1:colcon.colcon_core.environment:create_file_with_runtime_dependencies(/home/digitracknuc/imu_ws/install/vectornav_msgs/share/colcon-core/packages/vectornav_msgs)
[12.654s] INFO:colcon.colcon_ros.task.ament_cmake.build:Building ROS package in '/home/digitracknuc/imu_ws/vectornav' with build type 'ament_cmake'
[12.655s] INFO:colcon.colcon_cmake.task.cmake.build:Building CMake package in '/home/digitracknuc/imu_ws/vectornav'
[12.656s] INFO:colcon.colcon_core.shell:Skip shell extension 'powershell' for command environment: Not usable outside of PowerShell
[12.656s] DEBUG:colcon.colcon_core.shell:Skip shell extension 'dsv' for command environment
[12.663s] DEBUG:colcon.colcon_core.event_handler.log_command:Invoking command in '/home/digitracknuc/imu_ws/build/vectornav': AMENT_PREFIX_PATH=/home/digitracknuc/imu_ws/install/vectornav_msgs:${AMENT_PREFIX_PATH} CMAKE_PREFIX_PATH=/home/digitracknuc/imu_ws/install/vectornav_msgs:/opt/ros/humble LD_LIBRARY_PATH=/home/digitracknuc/imu_ws/install/vectornav_msgs/lib:${LD_LIBRARY_PATH} PYTHONPATH=/home/digitracknuc/imu_ws/install/vectornav_msgs/local/lib/python3.10/dist-packages:${PYTHONPATH} /usr/bin/cmake /home/digitracknuc/imu_ws/vectornav -DCMAKE_INSTALL_PREFIX=/home/digitracknuc/imu_ws/install/vectornav
[14.484s] DEBUG:colcon.colcon_core.event_handler.log_command:Invoked command in '/home/digitracknuc/imu_ws/build/vectornav' returned '0': AMENT_PREFIX_PATH=/home/digitracknuc/imu_ws/install/vectornav_msgs:${AMENT_PREFIX_PATH} CMAKE_PREFIX_PATH=/home/digitracknuc/imu_ws/install/vectornav_msgs:/opt/ros/humble LD_LIBRARY_PATH=/home/digitracknuc/imu_ws/install/vectornav_msgs/lib:${LD_LIBRARY_PATH} PYTHONPATH=/home/digitracknuc/imu_ws/install/vectornav_msgs/local/lib/python3.10/dist-packages:${PYTHONPATH} /usr/bin/cmake /home/digitracknuc/imu_ws/vectornav -DCMAKE_INSTALL_PREFIX=/home/digitracknuc/imu_ws/install/vectornav
[14.484s] DEBUG:colcon.colcon_core.event_handler.log_command:Invoking command in '/home/digitracknuc/imu_ws/build/vectornav': AMENT_PREFIX_PATH=/home/digitracknuc/imu_ws/install/vectornav_msgs:${AMENT_PREFIX_PATH} CMAKE_PREFIX_PATH=/home/digitracknuc/imu_ws/install/vectornav_msgs:/opt/ros/humble LD_LIBRARY_PATH=/home/digitracknuc/imu_ws/install/vectornav_msgs/lib:${LD_LIBRARY_PATH} PYTHONPATH=/home/digitracknuc/imu_ws/install/vectornav_msgs/local/lib/python3.10/dist-packages:${PYTHONPATH} /usr/bin/cmake --build /home/digitracknuc/imu_ws/build/vectornav -- -j12 -l12
[39.705s] DEBUG:colcon.colcon_core.event_handler.log_command:Invoked command in '/home/digitracknuc/imu_ws/build/vectornav' returned '0': AMENT_PREFIX_PATH=/home/digitracknuc/imu_ws/install/vectornav_msgs:${AMENT_PREFIX_PATH} CMAKE_PREFIX_PATH=/home/digitracknuc/imu_ws/install/vectornav_msgs:/opt/ros/humble LD_LIBRARY_PATH=/home/digitracknuc/imu_ws/install/vectornav_msgs/lib:${LD_LIBRARY_PATH} PYTHONPATH=/home/digitracknuc/imu_ws/install/vectornav_msgs/local/lib/python3.10/dist-packages:${PYTHONPATH} /usr/bin/cmake --build /home/digitracknuc/imu_ws/build/vectornav -- -j12 -l12
[39.727s] DEBUG:colcon.colcon_core.event_handler.log_command:Invoking command in '/home/digitracknuc/imu_ws/build/vectornav': AMENT_PREFIX_PATH=/home/digitracknuc/imu_ws/install/vectornav_msgs:${AMENT_PREFIX_PATH} CMAKE_PREFIX_PATH=/home/digitracknuc/imu_ws/install/vectornav_msgs:/opt/ros/humble LD_LIBRARY_PATH=/home/digitracknuc/imu_ws/install/vectornav_msgs/lib:${LD_LIBRARY_PATH} PYTHONPATH=/home/digitracknuc/imu_ws/install/vectornav_msgs/local/lib/python3.10/dist-packages:${PYTHONPATH} /usr/bin/cmake --install /home/digitracknuc/imu_ws/build/vectornav
[39.754s] Level 1:colcon.colcon_core.environment:create_environment_scripts_only(vectornav)
[39.756s] Level 1:colcon.colcon_core.environment:checking '/home/digitracknuc/imu_ws/install/vectornav' for CMake module files
[39.756s] DEBUG:colcon.colcon_core.event_handler.log_command:Invoked command in '/home/digitracknuc/imu_ws/build/vectornav' returned '0': AMENT_PREFIX_PATH=/home/digitracknuc/imu_ws/install/vectornav_msgs:${AMENT_PREFIX_PATH} CMAKE_PREFIX_PATH=/home/digitracknuc/imu_ws/install/vectornav_msgs:/opt/ros/humble LD_LIBRARY_PATH=/home/digitracknuc/imu_ws/install/vectornav_msgs/lib:${LD_LIBRARY_PATH} PYTHONPATH=/home/digitracknuc/imu_ws/install/vectornav_msgs/local/lib/python3.10/dist-packages:${PYTHONPATH} /usr/bin/cmake --install /home/digitracknuc/imu_ws/build/vectornav
[39.756s] Level 1:colcon.colcon_core.environment:checking '/home/digitracknuc/imu_ws/install/vectornav' for CMake config files
[39.756s] Level 1:colcon.colcon_core.shell:create_environment_hook('vectornav', 'cmake_prefix_path')
[39.758s] INFO:colcon.colcon_core.shell:Creating environment hook '/home/digitracknuc/imu_ws/install/vectornav/share/vectornav/hook/cmake_prefix_path.ps1'
[39.758s] INFO:colcon.colcon_core.shell:Creating environment descriptor '/home/digitracknuc/imu_ws/install/vectornav/share/vectornav/hook/cmake_prefix_path.dsv'
[39.758s] INFO:colcon.colcon_core.shell:Creating environment hook '/home/digitracknuc/imu_ws/install/vectornav/share/vectornav/hook/cmake_prefix_path.sh'
[39.758s] Level 1:colcon.colcon_core.environment:checking '/home/digitracknuc/imu_ws/install/vectornav/lib'
[39.759s] Level 1:colcon.colcon_core.shell:create_environment_hook('vectornav', 'ld_library_path_lib')
[39.760s] INFO:colcon.colcon_core.shell:Creating environment hook '/home/digitracknuc/imu_ws/install/vectornav/share/vectornav/hook/ld_library_path_lib.ps1'
[39.760s] INFO:colcon.colcon_core.shell:Creating environment descriptor '/home/digitracknuc/imu_ws/install/vectornav/share/vectornav/hook/ld_library_path_lib.dsv'
[39.760s] INFO:colcon.colcon_core.shell:Creating environment hook '/home/digitracknuc/imu_ws/install/vectornav/share/vectornav/hook/ld_library_path_lib.sh'
[39.760s] Level 1:colcon.colcon_core.environment:checking '/home/digitracknuc/imu_ws/install/vectornav/bin'
[39.760s] Level 1:colcon.colcon_core.environment:checking '/home/digitracknuc/imu_ws/install/vectornav/lib/pkgconfig/vectornav.pc'
[39.761s] Level 1:colcon.colcon_core.environment:checking '/home/digitracknuc/imu_ws/install/vectornav/lib/python3.10/site-packages'
[39.761s] Level 1:colcon.colcon_core.environment:checking '/home/digitracknuc/imu_ws/install/vectornav/bin'
[39.762s] INFO:colcon.colcon_core.shell:Creating package script '/home/digitracknuc/imu_ws/install/vectornav/share/vectornav/package.ps1'
[39.762s] INFO:colcon.colcon_core.shell:Creating package descriptor '/home/digitracknuc/imu_ws/install/vectornav/share/vectornav/package.dsv'
[39.762s] INFO:colcon.colcon_core.shell:Creating package script '/home/digitracknuc/imu_ws/install/vectornav/share/vectornav/package.sh'
[39.763s] INFO:colcon.colcon_core.shell:Creating package script '/home/digitracknuc/imu_ws/install/vectornav/share/vectornav/package.bash'
[39.763s] INFO:colcon.colcon_core.shell:Creating package script '/home/digitracknuc/imu_ws/install/vectornav/share/vectornav/package.zsh'
[39.763s] Level 1:colcon.colcon_core.environment:create_file_with_runtime_dependencies(/home/digitracknuc/imu_ws/install/vectornav/share/colcon-core/packages/vectornav)
[39.783s] Level 1:colcon.colcon_core.environment:create_environment_scripts_only(vectornav)
[39.785s] Level 1:colcon.colcon_core.environment:checking '/home/digitracknuc/imu_ws/install/vectornav' for CMake module files
[39.785s] Level 1:colcon.colcon_core.environment:checking '/home/digitracknuc/imu_ws/install/vectornav' for CMake config files
[39.785s] Level 1:colcon.colcon_core.shell:create_environment_hook('vectornav', 'cmake_prefix_path')
[39.786s] INFO:colcon.colcon_core.shell:Creating environment hook '/home/digitracknuc/imu_ws/install/vectornav/share/vectornav/hook/cmake_prefix_path.ps1'
[39.787s] INFO:colcon.colcon_core.shell:Creating environment descriptor '/home/digitracknuc/imu_ws/install/vectornav/share/vectornav/hook/cmake_prefix_path.dsv'
[39.787s] INFO:colcon.colcon_core.shell:Creating environment hook '/home/digitracknuc/imu_ws/install/vectornav/share/vectornav/hook/cmake_prefix_path.sh'
[39.787s] Level 1:colcon.colcon_core.environment:checking '/home/digitracknuc/imu_ws/install/vectornav/lib'
[39.787s] Level 1:colcon.colcon_core.shell:create_environment_hook('vectornav', 'ld_library_path_lib')
[39.788s] INFO:colcon.colcon_core.shell:Creating environment hook '/home/digitracknuc/imu_ws/install/vectornav/share/vectornav/hook/ld_library_path_lib.ps1'
[39.789s] INFO:colcon.colcon_core.shell:Creating environment descriptor '/home/digitracknuc/imu_ws/install/vectornav/share/vectornav/hook/ld_library_path_lib.dsv'
[39.789s] INFO:colcon.colcon_core.shell:Creating environment hook '/home/digitracknuc/imu_ws/install/vectornav/share/vectornav/hook/ld_library_path_lib.sh'
[39.789s] Level 1:colcon.colcon_core.environment:checking '/home/digitracknuc/imu_ws/install/vectornav/bin'
[39.789s] Level 1:colcon.colcon_core.environment:checking '/home/digitracknuc/imu_ws/install/vectornav/lib/pkgconfig/vectornav.pc'
[39.789s] Level 1:colcon.colcon_core.environment:checking '/home/digitracknuc/imu_ws/install/vectornav/lib/python3.10/site-packages'
[39.790s] Level 1:colcon.colcon_core.environment:checking '/home/digitracknuc/imu_ws/install/vectornav/bin'
[39.791s] INFO:colcon.colcon_core.shell:Creating package script '/home/digitracknuc/imu_ws/install/vectornav/share/vectornav/package.ps1'
[39.791s] INFO:colcon.colcon_core.shell:Creating package descriptor '/home/digitracknuc/imu_ws/install/vectornav/share/vectornav/package.dsv'
[39.792s] INFO:colcon.colcon_core.shell:Creating package script '/home/digitracknuc/imu_ws/install/vectornav/share/vectornav/package.sh'
[39.792s] INFO:colcon.colcon_core.shell:Creating package script '/home/digitracknuc/imu_ws/install/vectornav/share/vectornav/package.bash'
[39.792s] INFO:colcon.colcon_core.shell:Creating package script '/home/digitracknuc/imu_ws/install/vectornav/share/vectornav/package.zsh'
[39.793s] Level 1:colcon.colcon_core.environment:create_file_with_runtime_dependencies(/home/digitracknuc/imu_ws/install/vectornav/share/colcon-core/packages/vectornav)
[39.793s] DEBUG:colcon.colcon_parallel_executor.executor.parallel:closing loop
[39.793s] DEBUG:colcon.colcon_parallel_executor.executor.parallel:loop closed
[39.793s] DEBUG:colcon.colcon_parallel_executor.executor.parallel:run_until_complete finished with '0'
[39.793s] DEBUG:colcon.colcon_core.event_reactor:joining thread
[39.799s] INFO:colcon.colcon_core.plugin_system:Skipping extension 'colcon_notification.desktop_notification.terminal_notifier': Not used on non-Darwin systems
[39.799s] INFO:colcon.colcon_core.plugin_system:Skipping extension 'colcon_notification.desktop_notification.win32': Not used on non-Windows systems
[39.799s] INFO:colcon.colcon_notification.desktop_notification:Sending desktop notification using 'notify2'
[39.814s] DEBUG:colcon.colcon_core.event_reactor:joined thread
[39.816s] INFO:colcon.colcon_core.shell:Creating prefix script '/home/digitracknuc/imu_ws/install/local_setup.ps1'
[39.817s] INFO:colcon.colcon_core.shell:Creating prefix util module '/home/digitracknuc/imu_ws/install/_local_setup_util_ps1.py'
[39.819s] INFO:colcon.colcon_core.shell:Creating prefix chain script '/home/digitracknuc/imu_ws/install/setup.ps1'
[39.820s] INFO:colcon.colcon_core.shell:Creating prefix script '/home/digitracknuc/imu_ws/install/local_setup.sh'
[39.821s] INFO:colcon.colcon_core.shell:Creating prefix util module '/home/digitracknuc/imu_ws/install/_local_setup_util_sh.py'
[39.822s] INFO:colcon.colcon_core.shell:Creating prefix chain script '/home/digitracknuc/imu_ws/install/setup.sh'
[39.823s] INFO:colcon.colcon_core.shell:Creating prefix script '/home/digitracknuc/imu_ws/install/local_setup.bash'
[39.824s] INFO:colcon.colcon_core.shell:Creating prefix chain script '/home/digitracknuc/imu_ws/install/setup.bash'
[39.826s] INFO:colcon.colcon_core.shell:Creating prefix script '/home/digitracknuc/imu_ws/install/local_setup.zsh'
[39.827s] INFO:colcon.colcon_core.shell:Creating prefix chain script '/home/digitracknuc/imu_ws/install/setup.zsh'
