[0.006s] Invoking command in '/home/digitracknuc/imu_ws/build/vectornav': AMENT_PREFIX_PATH=/home/digitracknuc/imu_ws/install/vectornav_msgs:${AMENT_PREFIX_PATH} CMAKE_PREFIX_PATH=/home/digitracknuc/imu_ws/install/vectornav_msgs:/opt/ros/humble LD_LIBRARY_PATH=/home/digitracknuc/imu_ws/install/vectornav_msgs/lib:${LD_LIBRARY_PATH} PYTHONPATH=/home/digitracknuc/imu_ws/install/vectornav_msgs/local/lib/python3.10/dist-packages:${PYTHONPATH} /usr/bin/cmake /home/digitracknuc/imu_ws/vectornav -DCMAKE_INSTALL_PREFIX=/home/digitracknuc/imu_ws/install/vectornav
[0.046s] -- The C compiler identification is GNU 11.4.0
[0.089s] -- The CXX compiler identification is GNU 11.4.0
[0.095s] -- Detecting C compiler ABI info
[0.145s] -- Detecting C compiler ABI info - done
[0.152s] -- Check for working C compiler: /usr/bin/cc - skipped
[0.152s] -- Detecting C compile features
[0.152s] -- Detecting C compile features - done
[0.155s] -- Detecting CXX compiler ABI info
[0.216s] -- Detecting CXX compiler ABI info - done
[0.223s] -- Check for working CXX compiler: /usr/bin/c++ - skipped
[0.223s] -- Detecting CXX compile features
[0.223s] -- Detecting CXX compile features - done
[0.225s] -- Found ament_cmake: 1.3.5 (/opt/ros/humble/share/ament_cmake/cmake)
[0.360s] -- Found Python3: /usr/bin/python3.10 (found version "3.10.12") found components: Interpreter 
[0.437s] -- Found rclcpp: 16.0.5 (/opt/ros/humble/share/rclcpp/cmake)
[0.500s] -- Found rosidl_generator_c: 3.1.5 (/opt/ros/humble/share/rosidl_generator_c/cmake)
[0.504s] -- Found rosidl_adapter: 3.1.5 (/opt/ros/humble/share/rosidl_adapter/cmake)
[0.510s] -- Found rosidl_generator_cpp: 3.1.5 (/opt/ros/humble/share/rosidl_generator_cpp/cmake)
[0.522s] -- Using all available rosidl_typesupport_c: rosidl_typesupport_fastrtps_c;rosidl_typesupport_introspection_c
[0.538s] -- Using all available rosidl_typesupport_cpp: rosidl_typesupport_fastrtps_cpp;rosidl_typesupport_introspection_cpp
[0.617s] -- Found rmw_implementation_cmake: 6.1.1 (/opt/ros/humble/share/rmw_implementation_cmake/cmake)
[0.620s] -- Found rmw_fastrtps_cpp: 6.2.3 (/opt/ros/humble/share/rmw_fastrtps_cpp/cmake)
[0.708s] -- Found OpenSSL: /usr/lib/x86_64-linux-gnu/libcrypto.so (found version "3.0.2")  
[0.729s] -- Found FastRTPS: /opt/ros/humble/include  
[0.766s] -- Using RMW implementation 'rmw_fastrtps_cpp' as default
[0.777s] -- Looking for pthread.h
[0.831s] -- Looking for pthread.h - found
[0.831s] -- Performing Test CMAKE_HAVE_LIBC_PTHREAD
[0.893s] -- Performing Test CMAKE_HAVE_LIBC_PTHREAD - Success
[0.894s] -- Found Threads: TRUE  
[1.055s] -- Found rclcpp_action: 16.0.5 (/opt/ros/humble/share/rclcpp_action/cmake)
[1.165s] -- Found sensor_msgs: 4.2.3 (/opt/ros/humble/share/sensor_msgs/cmake)
[1.303s] -- Found vectornav_msgs: 3.0.0 (/home/digitracknuc/imu_ws/install/vectornav_msgs/share/vectornav_msgs/cmake)
[1.397s] -- Found tf2_geometry_msgs: 0.25.3 (/opt/ros/humble/share/tf2_geometry_msgs/cmake)
[1.421s] -- Found eigen3_cmake_module: 0.1.1 (/opt/ros/humble/share/eigen3_cmake_module/cmake)
[1.423s] -- Found Eigen3: TRUE (found version "3.4.0") 
[1.423s] -- Ensuring Eigen3 include directory is part of orocos-kdl CMake target
[1.716s] -- Found ament_lint_auto: 0.12.7 (/opt/ros/humble/share/ament_lint_auto/cmake)
[1.789s] -- Added test 'cppcheck' to perform static code analysis on C / C++ code
[1.789s] -- Configured cppcheck include dirs: 
[1.790s] -- Configured cppcheck exclude dirs and/or files: 
[1.791s] -- Added test 'cpplint' to check C / C++ code against the Google style
[1.792s] -- Configured cpplint exclude dirs and/or files: 
[1.792s] -- Added test 'flake8' to check Python code syntax and style conventions
[1.793s] -- Added test 'lint_cmake' to check CMake code style
[1.794s] -- Added test 'pep257' to check Python code against some of the docstring style conventions in PEP 257
[1.796s] -- Added test 'uncrustify' to check C / C++ code style
[1.796s] -- Configured uncrustify additional arguments: 
[1.797s] -- Added test 'xmllint' to check XML markup files
[1.798s] -- Configuring done
[1.816s] -- Generating done
[1.817s] -- Build files have been written to: /home/digitracknuc/imu_ws/build/vectornav
[1.827s] Invoked command in '/home/digitracknuc/imu_ws/build/vectornav' returned '0': AMENT_PREFIX_PATH=/home/digitracknuc/imu_ws/install/vectornav_msgs:${AMENT_PREFIX_PATH} CMAKE_PREFIX_PATH=/home/digitracknuc/imu_ws/install/vectornav_msgs:/opt/ros/humble LD_LIBRARY_PATH=/home/digitracknuc/imu_ws/install/vectornav_msgs/lib:${LD_LIBRARY_PATH} PYTHONPATH=/home/digitracknuc/imu_ws/install/vectornav_msgs/local/lib/python3.10/dist-packages:${PYTHONPATH} /usr/bin/cmake /home/digitracknuc/imu_ws/vectornav -DCMAKE_INSTALL_PREFIX=/home/digitracknuc/imu_ws/install/vectornav
[1.828s] Invoking command in '/home/digitracknuc/imu_ws/build/vectornav': AMENT_PREFIX_PATH=/home/digitracknuc/imu_ws/install/vectornav_msgs:${AMENT_PREFIX_PATH} CMAKE_PREFIX_PATH=/home/digitracknuc/imu_ws/install/vectornav_msgs:/opt/ros/humble LD_LIBRARY_PATH=/home/digitracknuc/imu_ws/install/vectornav_msgs/lib:${LD_LIBRARY_PATH} PYTHONPATH=/home/digitracknuc/imu_ws/install/vectornav_msgs/local/lib/python3.10/dist-packages:${PYTHONPATH} /usr/bin/cmake --build /home/digitracknuc/imu_ws/build/vectornav -- -j12 -l12
[1.869s] [ 10%] [32mBuilding CXX object vnproglib-1.2.0.0/cpp/CMakeFiles/vncxx.dir/src/compositedata.cpp.o[0m
[1.869s] [ 10%] [32mBuilding CXX object vnproglib-1.2.0.0/cpp/CMakeFiles/vncxx.dir/src/attitude.cpp.o[0m
[1.869s] [ 14%] [32mBuilding CXX object CMakeFiles/vn_sensor_msgs.dir/src/vn_sensor_msgs.cc.o[0m
[1.870s] [ 17%] [32mBuilding CXX object vnproglib-1.2.0.0/cpp/CMakeFiles/vncxx.dir/src/criticalsection.cpp.o[0m
[1.870s] [ 21%] [32mBuilding CXX object vnproglib-1.2.0.0/cpp/CMakeFiles/vncxx.dir/src/dllvalidator.cpp.o[0m
[1.870s] [ 14%] [32mBuilding CXX object vnproglib-1.2.0.0/cpp/CMakeFiles/vncxx.dir/src/conversions.cpp.o[0m
[1.870s] [ 28%] [32mBuilding CXX object vnproglib-1.2.0.0/cpp/CMakeFiles/vncxx.dir/src/event.cpp.o[0m
[1.870s] [ 28%] [32mBuilding CXX object vnproglib-1.2.0.0/cpp/CMakeFiles/vncxx.dir/src/error_detection.cpp.o[0m
[1.870s] [ 32%] [32mBuilding CXX object vnproglib-1.2.0.0/cpp/CMakeFiles/vncxx.dir/src/packet.cpp.o[0m
[1.870s] [ 35%] [32mBuilding CXX object vnproglib-1.2.0.0/cpp/CMakeFiles/vncxx.dir/src/memoryport.cpp.o[0m
[1.871s] [ 39%] [32mBuilding CXX object vnproglib-1.2.0.0/cpp/CMakeFiles/vncxx.dir/src/ezasyncdata.cpp.o[0m
[1.871s] [ 42%] [32mBuilding CXX object vnproglib-1.2.0.0/cpp/CMakeFiles/vncxx.dir/src/packetfinder.cpp.o[0m
[1.908s] [ 46%] [32mBuilding CXX object vnproglib-1.2.0.0/cpp/CMakeFiles/vncxx.dir/src/port.cpp.o[0m
[1.941s] [ 50%] [32mBuilding CXX object vnproglib-1.2.0.0/cpp/CMakeFiles/vncxx.dir/src/position.cpp.o[0m
[2.085s] [ 53%] [32mBuilding CXX object vnproglib-1.2.0.0/cpp/CMakeFiles/vncxx.dir/src/rtcmlistener.cpp.o[0m
[2.090s] [ 57%] [32mBuilding CXX object vnproglib-1.2.0.0/cpp/CMakeFiles/vncxx.dir/src/rtcmmessage.cpp.o[0m
[2.136s] [ 60%] [32mBuilding CXX object vnproglib-1.2.0.0/cpp/CMakeFiles/vncxx.dir/src/searcher.cpp.o[0m
[2.168s] [ 64%] [32mBuilding CXX object vnproglib-1.2.0.0/cpp/CMakeFiles/vncxx.dir/src/sensors.cpp.o[0m
[2.242s] [ 67%] [32mBuilding CXX object vnproglib-1.2.0.0/cpp/CMakeFiles/vncxx.dir/src/serialport.cpp.o[0m
[2.279s] [ 71%] [32mBuilding CXX object vnproglib-1.2.0.0/cpp/CMakeFiles/vncxx.dir/src/thread.cpp.o[0m
[2.300s] [ 75%] [32mBuilding CXX object vnproglib-1.2.0.0/cpp/CMakeFiles/vncxx.dir/src/types.cpp.o[0m
[2.317s] [ 78%] [32mBuilding CXX object vnproglib-1.2.0.0/cpp/CMakeFiles/vncxx.dir/src/util.cpp.o[0m
[2.337s] [ 82%] [32mBuilding CXX object vnproglib-1.2.0.0/cpp/CMakeFiles/vncxx.dir/src/utilities.cpp.o[0m
[2.342s] [ 85%] [32mBuilding CXX object vnproglib-1.2.0.0/cpp/CMakeFiles/vncxx.dir/src/vntime.cpp.o[0m
[3.012s] [ 89%] [32m[1mLinking CXX shared library libvncxx.so[0m
[3.109s] [ 89%] Built target vncxx
[3.126s] [ 92%] [32mBuilding CXX object CMakeFiles/vectornav.dir/src/vectornav.cc.o[0m
[14.725s] [ 96%] [32m[1mLinking CXX executable vectornav[0m
[15.410s] [ 96%] Built target vectornav
[25.470s] [100%] [32m[1mLinking CXX executable vn_sensor_msgs[0m
[27.039s] [100%] Built target vn_sensor_msgs
[27.049s] Invoked command in '/home/digitracknuc/imu_ws/build/vectornav' returned '0': AMENT_PREFIX_PATH=/home/digitracknuc/imu_ws/install/vectornav_msgs:${AMENT_PREFIX_PATH} CMAKE_PREFIX_PATH=/home/digitracknuc/imu_ws/install/vectornav_msgs:/opt/ros/humble LD_LIBRARY_PATH=/home/digitracknuc/imu_ws/install/vectornav_msgs/lib:${LD_LIBRARY_PATH} PYTHONPATH=/home/digitracknuc/imu_ws/install/vectornav_msgs/local/lib/python3.10/dist-packages:${PYTHONPATH} /usr/bin/cmake --build /home/digitracknuc/imu_ws/build/vectornav -- -j12 -l12
[27.071s] Invoking command in '/home/digitracknuc/imu_ws/build/vectornav': AMENT_PREFIX_PATH=/home/digitracknuc/imu_ws/install/vectornav_msgs:${AMENT_PREFIX_PATH} CMAKE_PREFIX_PATH=/home/digitracknuc/imu_ws/install/vectornav_msgs:/opt/ros/humble LD_LIBRARY_PATH=/home/digitracknuc/imu_ws/install/vectornav_msgs/lib:${LD_LIBRARY_PATH} PYTHONPATH=/home/digitracknuc/imu_ws/install/vectornav_msgs/local/lib/python3.10/dist-packages:${PYTHONPATH} /usr/bin/cmake --install /home/digitracknuc/imu_ws/build/vectornav
[27.077s] -- Install configuration: ""
[27.077s] -- Installing: /home/digitracknuc/imu_ws/install/vectornav/lib/vectornav/vectornav
[27.081s] -- Set runtime path of "/home/digitracknuc/imu_ws/install/vectornav/lib/vectornav/vectornav" to ""
[27.081s] -- Installing: /home/digitracknuc/imu_ws/install/vectornav/lib/vectornav/vn_sensor_msgs
[27.091s] -- Set runtime path of "/home/digitracknuc/imu_ws/install/vectornav/lib/vectornav/vn_sensor_msgs" to ""
[27.091s] -- Installing: /home/digitracknuc/imu_ws/install/vectornav/share/vectornav//config
[27.091s] -- Installing: /home/digitracknuc/imu_ws/install/vectornav/share/vectornav//config/vectornav.yaml
[27.091s] -- Installing: /home/digitracknuc/imu_ws/install/vectornav/share/vectornav//config/vn_100_800hz.yaml
[27.091s] -- Installing: /home/digitracknuc/imu_ws/install/vectornav/share/vectornav//launch
[27.091s] -- Installing: /home/digitracknuc/imu_ws/install/vectornav/share/vectornav//launch/vectornav.launch.py
[27.092s] -- Installing: /home/digitracknuc/imu_ws/install/vectornav/share/ament_index/resource_index/package_run_dependencies/vectornav
[27.092s] -- Installing: /home/digitracknuc/imu_ws/install/vectornav/share/ament_index/resource_index/parent_prefix_path/vectornav
[27.092s] -- Installing: /home/digitracknuc/imu_ws/install/vectornav/share/vectornav/environment/ament_prefix_path.sh
[27.092s] -- Installing: /home/digitracknuc/imu_ws/install/vectornav/share/vectornav/environment/ament_prefix_path.dsv
[27.092s] -- Installing: /home/digitracknuc/imu_ws/install/vectornav/share/vectornav/environment/path.sh
[27.092s] -- Installing: /home/digitracknuc/imu_ws/install/vectornav/share/vectornav/environment/path.dsv
[27.092s] -- Installing: /home/digitracknuc/imu_ws/install/vectornav/share/vectornav/local_setup.bash
[27.092s] -- Installing: /home/digitracknuc/imu_ws/install/vectornav/share/vectornav/local_setup.sh
[27.092s] -- Installing: /home/digitracknuc/imu_ws/install/vectornav/share/vectornav/local_setup.zsh
[27.092s] -- Installing: /home/digitracknuc/imu_ws/install/vectornav/share/vectornav/local_setup.dsv
[27.092s] -- Installing: /home/digitracknuc/imu_ws/install/vectornav/share/vectornav/package.dsv
[27.092s] -- Installing: /home/digitracknuc/imu_ws/install/vectornav/share/ament_index/resource_index/packages/vectornav
[27.092s] -- Installing: /home/digitracknuc/imu_ws/install/vectornav/share/vectornav/cmake/ament_cmake_export_dependencies-extras.cmake
[27.093s] -- Installing: /home/digitracknuc/imu_ws/install/vectornav/share/vectornav/cmake/vectornavConfig.cmake
[27.093s] -- Installing: /home/digitracknuc/imu_ws/install/vectornav/share/vectornav/cmake/vectornavConfig-version.cmake
[27.093s] -- Installing: /home/digitracknuc/imu_ws/install/vectornav/share/vectornav/package.xml
[27.093s] -- Installing: /home/digitracknuc/imu_ws/install/vectornav/lib/libvncxx.so
[27.094s] -- Installing: /home/digitracknuc/imu_ws/install/vectornav/include/vn
[27.094s] -- Installing: /home/digitracknuc/imu_ws/install/vectornav/include/vn/conversions.h
[27.094s] -- Installing: /home/digitracknuc/imu_ws/install/vectornav/include/vn/utilities.h
[27.094s] -- Installing: /home/digitracknuc/imu_ws/install/vectornav/include/vn/types.h
[27.094s] -- Installing: /home/digitracknuc/imu_ws/install/vectornav/include/vn/compositedata.h
[27.094s] -- Installing: /home/digitracknuc/imu_ws/install/vectornav/include/vn/boostpython.h
[27.094s] -- Installing: /home/digitracknuc/imu_ws/install/vectornav/include/vn/mock.h
[27.094s] -- Installing: /home/digitracknuc/imu_ws/install/vectornav/include/vn/vntime.h
[27.094s] -- Installing: /home/digitracknuc/imu_ws/install/vectornav/include/vn/thread.h
[27.094s] -- Installing: /home/digitracknuc/imu_ws/install/vectornav/include/vn/matrix.h
[27.094s] -- Installing: /home/digitracknuc/imu_ws/install/vectornav/include/vn/registers.h
[27.094s] -- Installing: /home/digitracknuc/imu_ws/install/vectornav/include/vn/export.h
[27.095s] -- Installing: /home/digitracknuc/imu_ws/install/vectornav/include/vn/sensors.h
[27.095s] -- Installing: /home/digitracknuc/imu_ws/install/vectornav/include/vn/ezasyncdata.h
[27.095s] -- Installing: /home/digitracknuc/imu_ws/install/vectornav/include/vn/rtcmlistener.h
[27.095s] -- Installing: /home/digitracknuc/imu_ws/install/vectornav/include/vn/exceptions.h
[27.095s] -- Installing: /home/digitracknuc/imu_ws/install/vectornav/include/vn/event.h
[27.095s] -- Installing: /home/digitracknuc/imu_ws/install/vectornav/include/vn/packet.h
[27.095s] -- Installing: /home/digitracknuc/imu_ws/install/vectornav/include/vn/util.h
[27.095s] -- Installing: /home/digitracknuc/imu_ws/install/vectornav/include/vn/attitude.h
[27.095s] -- Installing: /home/digitracknuc/imu_ws/install/vectornav/include/vn/position.h
[27.095s] -- Installing: /home/digitracknuc/imu_ws/install/vectornav/include/vn/criticalsection.h
[27.095s] -- Installing: /home/digitracknuc/imu_ws/install/vectornav/include/vn/dllvalidator.h
[27.095s] -- Installing: /home/digitracknuc/imu_ws/install/vectornav/include/vn/searcher.h
[27.095s] -- Installing: /home/digitracknuc/imu_ws/install/vectornav/include/vn/int.h
[27.096s] -- Installing: /home/digitracknuc/imu_ws/install/vectornav/include/vn/packetfinder.h
[27.096s] -- Installing: /home/digitracknuc/imu_ws/install/vectornav/include/vn/vector.h
[27.096s] -- Installing: /home/digitracknuc/imu_ws/install/vectornav/include/vn/compiler.h
[27.096s] -- Installing: /home/digitracknuc/imu_ws/install/vectornav/include/vn/rtcmmessage.h
[27.096s] -- Installing: /home/digitracknuc/imu_ws/install/vectornav/include/vn/nocopy.h
[27.096s] -- Installing: /home/digitracknuc/imu_ws/install/vectornav/include/vn/error_detection.h
[27.096s] -- Installing: /home/digitracknuc/imu_ws/install/vectornav/include/vn/memoryport.h
[27.096s] -- Installing: /home/digitracknuc/imu_ws/install/vectornav/include/vn/signal.h
[27.096s] -- Installing: /home/digitracknuc/imu_ws/install/vectornav/include/vn/serialport.h
[27.096s] -- Installing: /home/digitracknuc/imu_ws/install/vectornav/include/vn/consts.h
[27.096s] -- Installing: /home/digitracknuc/imu_ws/install/vectornav/include/vn/port.h
[27.099s] Invoked command in '/home/digitracknuc/imu_ws/build/vectornav' returned '0': AMENT_PREFIX_PATH=/home/digitracknuc/imu_ws/install/vectornav_msgs:${AMENT_PREFIX_PATH} CMAKE_PREFIX_PATH=/home/digitracknuc/imu_ws/install/vectornav_msgs:/opt/ros/humble LD_LIBRARY_PATH=/home/digitracknuc/imu_ws/install/vectornav_msgs/lib:${LD_LIBRARY_PATH} PYTHONPATH=/home/digitracknuc/imu_ws/install/vectornav_msgs/local/lib/python3.10/dist-packages:${PYTHONPATH} /usr/bin/cmake --install /home/digitracknuc/imu_ws/build/vectornav
