[0.379s] DEBUG:colcon:Command line arguments: ['/usr/bin/colcon', 'build']
[0.380s] DEBUG:colcon:Parsed command line arguments: Namespace(log_base=None, log_level=None, verb_name='build', build_base='build', install_base='install', merge_install=False, symlink_install=False, test_result_base=None, continue_on_error=False, executor='parallel', parallel_workers=12, event_handlers=None, ignore_user_meta=False, metas=['./colcon.meta'], base_paths=['.'], packages_ignore=None, packages_ignore_regex=None, paths=None, packages_up_to=None, packages_up_to_regex=None, packages_above=None, packages_above_and_dependencies=None, packages_above_depth=None, packages_select_by_dep=None, packages_skip_by_dep=None, packages_skip_up_to=None, packages_select_build_failed=False, packages_skip_build_finished=False, packages_select_test_failures=False, packages_skip_test_passed=False, packages_select=None, packages_skip=None, packages_select_regex=None, packages_skip_regex=None, packages_start=None, packages_end=None, allow_overriding=[], cmake_args=None, cmake_target=None, cmake_target_skip_unavailable=False, cmake_clean_cache=False, cmake_clean_first=False, cmake_force_configure=False, ament_cmake_args=None, catkin_cmake_args=None, catkin_skip_building_tests=False, verb_parser=<colcon_defaults.argument_parser.defaults.DefaultArgumentsDecorator object at 0x7f385f0776a0>, verb_extension=<colcon_core.verb.build.BuildVerb object at 0x7f385f891660>, main=<bound method BuildVerb.main of <colcon_core.verb.build.BuildVerb object at 0x7f385f891660>>)
[0.435s] Level 1:colcon.colcon_core.package_discovery:discover_packages(colcon_meta) check parameters
[0.435s] Level 1:colcon.colcon_core.package_discovery:discover_packages(recursive) check parameters
[0.435s] Level 1:colcon.colcon_core.package_discovery:discover_packages(ignore) check parameters
[0.435s] Level 1:colcon.colcon_core.package_discovery:discover_packages(path) check parameters
[0.435s] Level 1:colcon.colcon_core.package_discovery:discover_packages(colcon_meta) discover
[0.435s] Level 1:colcon.colcon_core.package_discovery:discover_packages(recursive) discover
[0.435s] INFO:colcon.colcon_core.package_discovery:Crawling recursively for packages in '/home/digitracknuc/lidar_ws'
[0.435s] Level 1:colcon.colcon_core.package_identification:_identify(.) by extensions ['ignore', 'ignore_ament_install']
[0.436s] Level 1:colcon.colcon_core.package_identification:_identify(.) by extension 'ignore'
[0.436s] Level 1:colcon.colcon_core.package_identification:_identify(.) by extension 'ignore_ament_install'
[0.436s] Level 1:colcon.colcon_core.package_identification:_identify(.) by extensions ['colcon_pkg']
[0.436s] Level 1:colcon.colcon_core.package_identification:_identify(.) by extension 'colcon_pkg'
[0.436s] Level 1:colcon.colcon_core.package_identification:_identify(.) by extensions ['colcon_meta']
[0.436s] Level 1:colcon.colcon_core.package_identification:_identify(.) by extension 'colcon_meta'
[0.436s] Level 1:colcon.colcon_core.package_identification:_identify(.) by extensions ['ros']
[0.436s] Level 1:colcon.colcon_core.package_identification:_identify(.) by extension 'ros'
[0.450s] Level 1:colcon.colcon_core.package_identification:_identify(.) by extensions ['cmake', 'python']
[0.450s] Level 1:colcon.colcon_core.package_identification:_identify(.) by extension 'cmake'
[0.450s] Level 1:colcon.colcon_core.package_identification:_identify(.) by extension 'python'
[0.450s] Level 1:colcon.colcon_core.package_identification:_identify(.) by extensions ['python_setup_py']
[0.450s] Level 1:colcon.colcon_core.package_identification:_identify(.) by extension 'python_setup_py'
[0.450s] Level 1:colcon.colcon_core.package_identification:_identify(build) by extensions ['ignore', 'ignore_ament_install']
[0.450s] Level 1:colcon.colcon_core.package_identification:_identify(build) by extension 'ignore'
[0.450s] Level 1:colcon.colcon_core.package_identification:_identify(build) ignored
[0.450s] Level 1:colcon.colcon_core.package_identification:_identify(install) by extensions ['ignore', 'ignore_ament_install']
[0.450s] Level 1:colcon.colcon_core.package_identification:_identify(install) by extension 'ignore'
[0.450s] Level 1:colcon.colcon_core.package_identification:_identify(install) ignored
[0.450s] Level 1:colcon.colcon_core.package_identification:_identify(log) by extensions ['ignore', 'ignore_ament_install']
[0.450s] Level 1:colcon.colcon_core.package_identification:_identify(log) by extension 'ignore'
[0.450s] Level 1:colcon.colcon_core.package_identification:_identify(log) ignored
[0.450s] Level 1:colcon.colcon_core.package_identification:_identify(src) by extensions ['ignore', 'ignore_ament_install']
[0.450s] Level 1:colcon.colcon_core.package_identification:_identify(src) by extension 'ignore'
[0.451s] Level 1:colcon.colcon_core.package_identification:_identify(src) by extension 'ignore_ament_install'
[0.451s] Level 1:colcon.colcon_core.package_identification:_identify(src) by extensions ['colcon_pkg']
[0.451s] Level 1:colcon.colcon_core.package_identification:_identify(src) by extension 'colcon_pkg'
[0.451s] Level 1:colcon.colcon_core.package_identification:_identify(src) by extensions ['colcon_meta']
[0.451s] Level 1:colcon.colcon_core.package_identification:_identify(src) by extension 'colcon_meta'
[0.451s] Level 1:colcon.colcon_core.package_identification:_identify(src) by extensions ['ros']
[0.451s] Level 1:colcon.colcon_core.package_identification:_identify(src) by extension 'ros'
[0.451s] Level 1:colcon.colcon_core.package_identification:_identify(src) by extensions ['cmake', 'python']
[0.451s] Level 1:colcon.colcon_core.package_identification:_identify(src) by extension 'cmake'
[0.451s] Level 1:colcon.colcon_core.package_identification:_identify(src) by extension 'python'
[0.451s] Level 1:colcon.colcon_core.package_identification:_identify(src) by extensions ['python_setup_py']
[0.451s] Level 1:colcon.colcon_core.package_identification:_identify(src) by extension 'python_setup_py'
[0.451s] Level 1:colcon.colcon_core.package_identification:_identify(src/rplidar_ros) by extensions ['ignore', 'ignore_ament_install']
[0.451s] Level 1:colcon.colcon_core.package_identification:_identify(src/rplidar_ros) by extension 'ignore'
[0.451s] Level 1:colcon.colcon_core.package_identification:_identify(src/rplidar_ros) by extension 'ignore_ament_install'
[0.451s] Level 1:colcon.colcon_core.package_identification:_identify(src/rplidar_ros) by extensions ['colcon_pkg']
[0.451s] Level 1:colcon.colcon_core.package_identification:_identify(src/rplidar_ros) by extension 'colcon_pkg'
[0.451s] Level 1:colcon.colcon_core.package_identification:_identify(src/rplidar_ros) by extensions ['colcon_meta']
[0.451s] Level 1:colcon.colcon_core.package_identification:_identify(src/rplidar_ros) by extension 'colcon_meta'
[0.451s] Level 1:colcon.colcon_core.package_identification:_identify(src/rplidar_ros) by extensions ['ros']
[0.451s] Level 1:colcon.colcon_core.package_identification:_identify(src/rplidar_ros) by extension 'ros'
[0.454s] DEBUG:colcon.colcon_core.package_identification:Package 'src/rplidar_ros' with type 'ros.ament_cmake' and name 'rplidar_ros'
[0.454s] Level 1:colcon.colcon_core.package_discovery:discover_packages(recursive) using defaults
[0.454s] Level 1:colcon.colcon_core.package_discovery:discover_packages(ignore) discover
[0.454s] Level 1:colcon.colcon_core.package_discovery:discover_packages(ignore) using defaults
[0.454s] Level 1:colcon.colcon_core.package_discovery:discover_packages(path) discover
[0.454s] Level 1:colcon.colcon_core.package_discovery:discover_packages(path) using defaults
[0.482s] Level 1:colcon.colcon_core.package_discovery:discover_packages(prefix_path) check parameters
[0.482s] Level 1:colcon.colcon_core.package_discovery:discover_packages(prefix_path) discover
[0.485s] DEBUG:colcon.colcon_installed_package_information.package_discovery:Found 1 installed packages in /home/digitracknuc/lidar_ws/install
[0.487s] DEBUG:colcon.colcon_installed_package_information.package_discovery:Found 270 installed packages in /opt/ros/humble
[0.488s] Level 1:colcon.colcon_core.package_discovery:discover_packages(prefix_path) using defaults
[0.541s] Level 5:colcon.colcon_core.verb:set package 'rplidar_ros' build argument 'cmake_args' from command line to 'None'
[0.541s] Level 5:colcon.colcon_core.verb:set package 'rplidar_ros' build argument 'cmake_target' from command line to 'None'
[0.541s] Level 5:colcon.colcon_core.verb:set package 'rplidar_ros' build argument 'cmake_target_skip_unavailable' from command line to 'False'
[0.541s] Level 5:colcon.colcon_core.verb:set package 'rplidar_ros' build argument 'cmake_clean_cache' from command line to 'False'
[0.541s] Level 5:colcon.colcon_core.verb:set package 'rplidar_ros' build argument 'cmake_clean_first' from command line to 'False'
[0.541s] Level 5:colcon.colcon_core.verb:set package 'rplidar_ros' build argument 'cmake_force_configure' from command line to 'False'
[0.541s] Level 5:colcon.colcon_core.verb:set package 'rplidar_ros' build argument 'ament_cmake_args' from command line to 'None'
[0.541s] Level 5:colcon.colcon_core.verb:set package 'rplidar_ros' build argument 'catkin_cmake_args' from command line to 'None'
[0.541s] Level 5:colcon.colcon_core.verb:set package 'rplidar_ros' build argument 'catkin_skip_building_tests' from command line to 'False'
[0.541s] DEBUG:colcon.colcon_core.verb:Building package 'rplidar_ros' with the following arguments: {'ament_cmake_args': None, 'build_base': '/home/digitracknuc/lidar_ws/build/rplidar_ros', 'catkin_cmake_args': None, 'catkin_skip_building_tests': False, 'cmake_args': None, 'cmake_clean_cache': False, 'cmake_clean_first': False, 'cmake_force_configure': False, 'cmake_target': None, 'cmake_target_skip_unavailable': False, 'install_base': '/home/digitracknuc/lidar_ws/install/rplidar_ros', 'merge_install': False, 'path': '/home/digitracknuc/lidar_ws/src/rplidar_ros', 'symlink_install': False, 'test_result_base': None}
[0.542s] INFO:colcon.colcon_core.executor:Executing jobs using 'parallel' executor
[0.544s] DEBUG:colcon.colcon_parallel_executor.executor.parallel:run_until_complete
[0.545s] INFO:colcon.colcon_ros.task.ament_cmake.build:Building ROS package in '/home/digitracknuc/lidar_ws/src/rplidar_ros' with build type 'ament_cmake'
[0.545s] INFO:colcon.colcon_cmake.task.cmake.build:Building CMake package in '/home/digitracknuc/lidar_ws/src/rplidar_ros'
[0.550s] INFO:colcon.colcon_core.plugin_system:Skipping extension 'colcon_core.shell.bat': Not used on non-Windows systems
[0.550s] INFO:colcon.colcon_core.shell:Skip shell extension 'powershell' for command environment: Not usable outside of PowerShell
[0.550s] DEBUG:colcon.colcon_core.shell:Skip shell extension 'dsv' for command environment
[0.558s] DEBUG:colcon.colcon_core.event_handler.log_command:Invoking command in '/home/digitracknuc/lidar_ws/build/rplidar_ros': CMAKE_PREFIX_PATH=${CMAKE_PREFIX_PATH}:/opt/ros/humble /usr/bin/cmake /home/digitracknuc/lidar_ws/src/rplidar_ros -DCMAKE_INSTALL_PREFIX=/home/digitracknuc/lidar_ws/install/rplidar_ros
[1.486s] DEBUG:colcon.colcon_core.event_handler.log_command:Invoked command in '/home/digitracknuc/lidar_ws/build/rplidar_ros' returned '0': CMAKE_PREFIX_PATH=${CMAKE_PREFIX_PATH}:/opt/ros/humble /usr/bin/cmake /home/digitracknuc/lidar_ws/src/rplidar_ros -DCMAKE_INSTALL_PREFIX=/home/digitracknuc/lidar_ws/install/rplidar_ros
[1.488s] DEBUG:colcon.colcon_core.event_handler.log_command:Invoking command in '/home/digitracknuc/lidar_ws/build/rplidar_ros': CMAKE_PREFIX_PATH=${CMAKE_PREFIX_PATH}:/opt/ros/humble /usr/bin/cmake --build /home/digitracknuc/lidar_ws/build/rplidar_ros -- -j12 -l12
[1.572s] DEBUG:colcon.colcon_core.event_handler.log_command:Invoked command in '/home/digitracknuc/lidar_ws/build/rplidar_ros' returned '0': CMAKE_PREFIX_PATH=${CMAKE_PREFIX_PATH}:/opt/ros/humble /usr/bin/cmake --build /home/digitracknuc/lidar_ws/build/rplidar_ros -- -j12 -l12
[1.623s] DEBUG:colcon.colcon_core.event_handler.log_command:Invoking command in '/home/digitracknuc/lidar_ws/build/rplidar_ros': CMAKE_PREFIX_PATH=${CMAKE_PREFIX_PATH}:/opt/ros/humble /usr/bin/cmake --install /home/digitracknuc/lidar_ws/build/rplidar_ros
[1.678s] Level 1:colcon.colcon_core.environment:create_environment_scripts_only(rplidar_ros)
[1.679s] DEBUG:colcon.colcon_core.event_handler.log_command:Invoked command in '/home/digitracknuc/lidar_ws/build/rplidar_ros' returned '0': CMAKE_PREFIX_PATH=${CMAKE_PREFIX_PATH}:/opt/ros/humble /usr/bin/cmake --install /home/digitracknuc/lidar_ws/build/rplidar_ros
[1.688s] Level 1:colcon.colcon_core.environment:checking '/home/digitracknuc/lidar_ws/install/rplidar_ros' for CMake module files
[1.689s] Level 1:colcon.colcon_core.environment:checking '/home/digitracknuc/lidar_ws/install/rplidar_ros' for CMake config files
[1.690s] Level 1:colcon.colcon_core.shell:create_environment_hook('rplidar_ros', 'cmake_prefix_path')
[1.692s] INFO:colcon.colcon_core.shell:Creating environment hook '/home/digitracknuc/lidar_ws/install/rplidar_ros/share/rplidar_ros/hook/cmake_prefix_path.ps1'
[1.693s] INFO:colcon.colcon_core.shell:Creating environment descriptor '/home/digitracknuc/lidar_ws/install/rplidar_ros/share/rplidar_ros/hook/cmake_prefix_path.dsv'
[1.694s] INFO:colcon.colcon_core.shell:Creating environment hook '/home/digitracknuc/lidar_ws/install/rplidar_ros/share/rplidar_ros/hook/cmake_prefix_path.sh'
[1.696s] Level 1:colcon.colcon_core.environment:checking '/home/digitracknuc/lidar_ws/install/rplidar_ros/lib'
[1.696s] Level 1:colcon.colcon_core.environment:checking '/home/digitracknuc/lidar_ws/install/rplidar_ros/bin'
[1.696s] Level 1:colcon.colcon_core.environment:checking '/home/digitracknuc/lidar_ws/install/rplidar_ros/lib/pkgconfig/rplidar_ros.pc'
[1.696s] Level 1:colcon.colcon_core.environment:checking '/home/digitracknuc/lidar_ws/install/rplidar_ros/lib/python3.10/site-packages'
[1.697s] Level 1:colcon.colcon_core.environment:checking '/home/digitracknuc/lidar_ws/install/rplidar_ros/bin'
[1.699s] INFO:colcon.colcon_core.shell:Creating package script '/home/digitracknuc/lidar_ws/install/rplidar_ros/share/rplidar_ros/package.ps1'
[1.700s] INFO:colcon.colcon_core.shell:Creating package descriptor '/home/digitracknuc/lidar_ws/install/rplidar_ros/share/rplidar_ros/package.dsv'
[1.701s] INFO:colcon.colcon_core.shell:Creating package script '/home/digitracknuc/lidar_ws/install/rplidar_ros/share/rplidar_ros/package.sh'
[1.702s] INFO:colcon.colcon_core.shell:Creating package script '/home/digitracknuc/lidar_ws/install/rplidar_ros/share/rplidar_ros/package.bash'
[1.704s] INFO:colcon.colcon_core.shell:Creating package script '/home/digitracknuc/lidar_ws/install/rplidar_ros/share/rplidar_ros/package.zsh'
[1.705s] Level 1:colcon.colcon_core.environment:create_file_with_runtime_dependencies(/home/digitracknuc/lidar_ws/install/rplidar_ros/share/colcon-core/packages/rplidar_ros)
[1.790s] Level 1:colcon.colcon_core.environment:create_environment_scripts_only(rplidar_ros)
[1.798s] Level 1:colcon.colcon_core.environment:checking '/home/digitracknuc/lidar_ws/install/rplidar_ros' for CMake module files
[1.800s] Level 1:colcon.colcon_core.environment:checking '/home/digitracknuc/lidar_ws/install/rplidar_ros' for CMake config files
[1.801s] Level 1:colcon.colcon_core.shell:create_environment_hook('rplidar_ros', 'cmake_prefix_path')
[1.807s] INFO:colcon.colcon_core.shell:Creating environment hook '/home/digitracknuc/lidar_ws/install/rplidar_ros/share/rplidar_ros/hook/cmake_prefix_path.ps1'
[1.808s] INFO:colcon.colcon_core.shell:Creating environment descriptor '/home/digitracknuc/lidar_ws/install/rplidar_ros/share/rplidar_ros/hook/cmake_prefix_path.dsv'
[1.809s] INFO:colcon.colcon_core.shell:Creating environment hook '/home/digitracknuc/lidar_ws/install/rplidar_ros/share/rplidar_ros/hook/cmake_prefix_path.sh'
[1.812s] Level 1:colcon.colcon_core.environment:checking '/home/digitracknuc/lidar_ws/install/rplidar_ros/lib'
[1.812s] Level 1:colcon.colcon_core.environment:checking '/home/digitracknuc/lidar_ws/install/rplidar_ros/bin'
[1.812s] Level 1:colcon.colcon_core.environment:checking '/home/digitracknuc/lidar_ws/install/rplidar_ros/lib/pkgconfig/rplidar_ros.pc'
[1.813s] Level 1:colcon.colcon_core.environment:checking '/home/digitracknuc/lidar_ws/install/rplidar_ros/lib/python3.10/site-packages'
[1.814s] Level 1:colcon.colcon_core.environment:checking '/home/digitracknuc/lidar_ws/install/rplidar_ros/bin'
[1.817s] INFO:colcon.colcon_core.shell:Creating package script '/home/digitracknuc/lidar_ws/install/rplidar_ros/share/rplidar_ros/package.ps1'
[1.818s] INFO:colcon.colcon_core.shell:Creating package descriptor '/home/digitracknuc/lidar_ws/install/rplidar_ros/share/rplidar_ros/package.dsv'
[1.819s] INFO:colcon.colcon_core.shell:Creating package script '/home/digitracknuc/lidar_ws/install/rplidar_ros/share/rplidar_ros/package.sh'
[1.820s] INFO:colcon.colcon_core.shell:Creating package script '/home/digitracknuc/lidar_ws/install/rplidar_ros/share/rplidar_ros/package.bash'
[1.820s] INFO:colcon.colcon_core.shell:Creating package script '/home/digitracknuc/lidar_ws/install/rplidar_ros/share/rplidar_ros/package.zsh'
[1.821s] Level 1:colcon.colcon_core.environment:create_file_with_runtime_dependencies(/home/digitracknuc/lidar_ws/install/rplidar_ros/share/colcon-core/packages/rplidar_ros)
[1.822s] DEBUG:colcon.colcon_parallel_executor.executor.parallel:closing loop
[1.822s] DEBUG:colcon.colcon_parallel_executor.executor.parallel:loop closed
[1.822s] DEBUG:colcon.colcon_parallel_executor.executor.parallel:run_until_complete finished with '0'
[1.822s] DEBUG:colcon.colcon_core.event_reactor:joining thread
[1.841s] INFO:colcon.colcon_core.plugin_system:Skipping extension 'colcon_notification.desktop_notification.terminal_notifier': Not used on non-Darwin systems
[1.841s] INFO:colcon.colcon_core.plugin_system:Skipping extension 'colcon_notification.desktop_notification.win32': Not used on non-Windows systems
[1.841s] INFO:colcon.colcon_notification.desktop_notification:Sending desktop notification using 'notify2'
[1.861s] DEBUG:colcon.colcon_core.event_reactor:joined thread
[1.863s] INFO:colcon.colcon_core.shell:Creating prefix script '/home/digitracknuc/lidar_ws/install/local_setup.ps1'
[1.864s] INFO:colcon.colcon_core.shell:Creating prefix util module '/home/digitracknuc/lidar_ws/install/_local_setup_util_ps1.py'
[1.866s] INFO:colcon.colcon_core.shell:Creating prefix chain script '/home/digitracknuc/lidar_ws/install/setup.ps1'
[1.868s] INFO:colcon.colcon_core.shell:Creating prefix script '/home/digitracknuc/lidar_ws/install/local_setup.sh'
[1.869s] INFO:colcon.colcon_core.shell:Creating prefix util module '/home/digitracknuc/lidar_ws/install/_local_setup_util_sh.py'
[1.870s] INFO:colcon.colcon_core.shell:Creating prefix chain script '/home/digitracknuc/lidar_ws/install/setup.sh'
[1.872s] INFO:colcon.colcon_core.shell:Creating prefix script '/home/digitracknuc/lidar_ws/install/local_setup.bash'
[1.873s] INFO:colcon.colcon_core.shell:Creating prefix chain script '/home/digitracknuc/lidar_ws/install/setup.bash'
[1.874s] INFO:colcon.colcon_core.shell:Creating prefix script '/home/digitracknuc/lidar_ws/install/local_setup.zsh'
[1.875s] INFO:colcon.colcon_core.shell:Creating prefix chain script '/home/digitracknuc/lidar_ws/install/setup.zsh'
