[0.013s] Invoking command in '/home/digitracknuc/lidar_ws/build/rplidar_ros': CMAKE_PREFIX_PATH=${CMAKE_PREFIX_PATH}:/opt/ros/humble /usr/bin/cmake /home/digitracknuc/lidar_ws/src/rplidar_ros -DCMAKE_INSTALL_PREFIX=/home/digitracknuc/lidar_ws/install/rplidar_ros
[0.081s] -- Found ament_cmake: 1.3.5 (/opt/ros/humble/share/ament_cmake/cmake)
[0.203s] -- Override CMake install command with custom implementation using symlinks instead of copying resources
[0.220s] -- Found rclcpp: 16.0.5 (/opt/ros/humble/share/rclcpp/cmake)
[0.260s] -- Found rosidl_generator_c: 3.1.5 (/opt/ros/humble/share/rosidl_generator_c/cmake)
[0.264s] -- Found rosidl_adapter: 3.1.5 (/opt/ros/humble/share/rosidl_adapter/cmake)
[0.273s] -- Found rosidl_generator_cpp: 3.1.5 (/opt/ros/humble/share/rosidl_generator_cpp/cmake)
[0.287s] -- Using all available rosidl_typesupport_c: rosidl_typesupport_fastrtps_c;rosidl_typesupport_introspection_c
[0.306s] -- Using all available rosidl_typesupport_cpp: rosidl_typesupport_fastrtps_cpp;rosidl_typesupport_introspection_cpp
[0.402s] -- Found rmw_implementation_cmake: 6.1.1 (/opt/ros/humble/share/rmw_implementation_cmake/cmake)
[0.405s] -- Found rmw_fastrtps_cpp: 6.2.3 (/opt/ros/humble/share/rmw_fastrtps_cpp/cmake)
[0.510s] -- Using RMW implementation 'rmw_fastrtps_cpp' as default
[0.684s] -- Found sensor_msgs: 4.2.3 (/opt/ros/humble/share/sensor_msgs/cmake)
[0.828s] -- Found std_srvs: 4.2.3 (/opt/ros/humble/share/std_srvs/cmake)
[0.913s] -- Configuring done
[0.933s] -- Generating done
[0.934s] -- Build files have been written to: /home/digitracknuc/lidar_ws/build/rplidar_ros
[0.941s] Invoked command in '/home/digitracknuc/lidar_ws/build/rplidar_ros' returned '0': CMAKE_PREFIX_PATH=${CMAKE_PREFIX_PATH}:/opt/ros/humble /usr/bin/cmake /home/digitracknuc/lidar_ws/src/rplidar_ros -DCMAKE_INSTALL_PREFIX=/home/digitracknuc/lidar_ws/install/rplidar_ros
[0.942s] Invoking command in '/home/digitracknuc/lidar_ws/build/rplidar_ros': CMAKE_PREFIX_PATH=${CMAKE_PREFIX_PATH}:/opt/ros/humble /usr/bin/cmake --build /home/digitracknuc/lidar_ws/build/rplidar_ros -- -j12 -l12
[0.974s] [35m[1mConsolidate compiler generated dependencies of target rplidar_client[0m
[0.977s] [35m[1mConsolidate compiler generated dependencies of target rplidar_composition[0m
[0.978s] [35m[1mConsolidate compiler generated dependencies of target rplidar_node[0m
[1.017s] [  7%] Built target rplidar_client
[1.018s] [100%] Built target rplidar_node
[1.018s] [100%] Built target rplidar_composition
[1.026s] Invoked command in '/home/digitracknuc/lidar_ws/build/rplidar_ros' returned '0': CMAKE_PREFIX_PATH=${CMAKE_PREFIX_PATH}:/opt/ros/humble /usr/bin/cmake --build /home/digitracknuc/lidar_ws/build/rplidar_ros -- -j12 -l12
[1.077s] Invoking command in '/home/digitracknuc/lidar_ws/build/rplidar_ros': CMAKE_PREFIX_PATH=${CMAKE_PREFIX_PATH}:/opt/ros/humble /usr/bin/cmake --install /home/digitracknuc/lidar_ws/build/rplidar_ros
[1.086s] -- Install configuration: ""
[1.086s] -- Execute custom install script
[1.087s] -- Up-to-date symlink: /home/digitracknuc/lidar_ws/install/rplidar_ros/share/rplidar_ros/launch/rplidar_a2m12_launch.py
[1.087s] -- Symlinking: /home/digitracknuc/lidar_ws/install/rplidar_ros/share/rplidar_ros/launch/view_rplidar2_a2m12_launch.py
[1.097s] -- Up-to-date symlink: /home/digitracknuc/lidar_ws/install/rplidar_ros/share/rplidar_ros/launch/view_rplidar_a2m12_launch.py
[1.098s] -- Symlinking: /home/digitracknuc/lidar_ws/install/rplidar_ros/share/rplidar_ros/rviz/rplidar2_ros.rviz
[1.109s] -- Up-to-date symlink: /home/digitracknuc/lidar_ws/install/rplidar_ros/share/rplidar_ros/rviz/rplidar_ros.rviz
[1.109s] -- Up-to-date symlink: /home/digitracknuc/lidar_ws/install/rplidar_ros/lib/rplidar_ros/rplidar_node
[1.115s] -- Up-to-date symlink: /home/digitracknuc/lidar_ws/install/rplidar_ros/lib/rplidar_ros/rplidar_composition
[1.115s] -- Up-to-date symlink: /home/digitracknuc/lidar_ws/install/rplidar_ros/lib/rplidar_ros/rplidar_client
[1.115s] -- Up-to-date symlink: /home/digitracknuc/lidar_ws/install/rplidar_ros/share/ament_index/resource_index/package_run_dependencies/rplidar_ros
[1.116s] -- Up-to-date symlink: /home/digitracknuc/lidar_ws/install/rplidar_ros/share/ament_index/resource_index/parent_prefix_path/rplidar_ros
[1.116s] -- Up-to-date symlink: /home/digitracknuc/lidar_ws/install/rplidar_ros/share/rplidar_ros/environment/ament_prefix_path.sh
[1.116s] -- Up-to-date symlink: /home/digitracknuc/lidar_ws/install/rplidar_ros/share/rplidar_ros/environment/ament_prefix_path.dsv
[1.116s] -- Up-to-date symlink: /home/digitracknuc/lidar_ws/install/rplidar_ros/share/rplidar_ros/environment/path.sh
[1.117s] -- Up-to-date symlink: /home/digitracknuc/lidar_ws/install/rplidar_ros/share/rplidar_ros/environment/path.dsv
[1.117s] -- Up-to-date symlink: /home/digitracknuc/lidar_ws/install/rplidar_ros/share/rplidar_ros/local_setup.bash
[1.117s] -- Up-to-date symlink: /home/digitracknuc/lidar_ws/install/rplidar_ros/share/rplidar_ros/local_setup.sh
[1.118s] -- Up-to-date symlink: /home/digitracknuc/lidar_ws/install/rplidar_ros/share/rplidar_ros/local_setup.zsh
[1.118s] -- Up-to-date symlink: /home/digitracknuc/lidar_ws/install/rplidar_ros/share/rplidar_ros/local_setup.dsv
[1.118s] -- Symlinking: /home/digitracknuc/lidar_ws/install/rplidar_ros/share/rplidar_ros/package.dsv
[1.129s] -- Up-to-date symlink: /home/digitracknuc/lidar_ws/install/rplidar_ros/share/ament_index/resource_index/packages/rplidar_ros
[1.130s] -- Up-to-date symlink: /home/digitracknuc/lidar_ws/install/rplidar_ros/share/rplidar_ros/cmake/ament_cmake_export_dependencies-extras.cmake
[1.130s] -- Up-to-date symlink: /home/digitracknuc/lidar_ws/install/rplidar_ros/share/rplidar_ros/cmake/ament_cmake_export_include_directories-extras.cmake
[1.130s] -- Up-to-date symlink: /home/digitracknuc/lidar_ws/install/rplidar_ros/share/rplidar_ros/cmake/rplidar_rosConfig.cmake
[1.130s] -- Up-to-date symlink: /home/digitracknuc/lidar_ws/install/rplidar_ros/share/rplidar_ros/cmake/rplidar_rosConfig-version.cmake
[1.130s] -- Up-to-date symlink: /home/digitracknuc/lidar_ws/install/rplidar_ros/share/rplidar_ros/package.xml
[1.134s] Invoked command in '/home/digitracknuc/lidar_ws/build/rplidar_ros' returned '0': CMAKE_PREFIX_PATH=${CMAKE_PREFIX_PATH}:/opt/ros/humble /usr/bin/cmake --install /home/digitracknuc/lidar_ws/build/rplidar_ros
